Removed Pin From Net: NetName=GND Pin=C1-2
Removed Pin From Net: NetName=GND Pin=C1-2
Removed Pin From Net: NetName=GND Pin=C1-2
Removed Pin From Net: NetName=GND Pin=C1-2
Removed Pin From Net: NetName=GND Pin=C1-2
Removed Pin From Net: NetName=GND Pin=C2-2
Removed Pin From Net: NetName=GND Pin=C2-2
Removed Pin From Net: NetName=GND Pin=C3-2
Removed Pin From Net: NetName=GND Pin=C4-2
Removed Pin From Net: NetName=GND Pin=C5-2
Removed Pin From Net: NetName=GND Pin=C6-2
Removed Pin From Net: NetName=GND Pin=C7-2
Removed Pin From Net: NetName=GND Pin=J2-6
Removed Pin From Net: NetName=GND Pin=J3-4
Removed Pin From Net: NetName=GND Pin=J3-5
Removed Pin From Net: NetName=GND Pin=J3-6
Removed Pin From Net: NetName=GND Pin=J3-6
Removed Pin From Net: NetName=GND Pin=J3-6
Removed Pin From Net: NetName=GND Pin=J3-6
Removed Pin From Net: NetName=GND Pin=U1-4
Removed Pin From Net: NetName=D6 Pin=U1-6
Removed Pin From Net: NetName=D4 Pin=U1-8
Removed Pin From Net: NetName=D0 Pin=U1-10
Removed Pin From Net: NetName=D2 Pin=U1-11
Removed Pin From Net: NetName=D2 Pin=U1-12
Removed Pin From Net: NetName=D0 Pin=U1-13
Removed Pin From Net: NetName=PA0 Pin=U1-14
Removed Pin From Net: NetName=PA2 Pin=U1-15
Removed Pin From Net: NetName=GND Pin=U1-16
Removed Pin From Net: NetName=PA4 Pin=U1-18
Removed Pin From Net: NetName=PA6 Pin=U1-19
Removed Pin From Net: NetName=PAWR_N Pin=U1-20
Removed Pin From Net: NetName=D7 Pin=U1-21
Removed Pin From Net: NetName=D5 Pin=U1-22
Removed Pin From Net: NetName=D1 Pin=U1-23
Removed Pin From Net: NetName=GND Pin=U1-24
Removed Pin From Net: NetName=PARD_N Pin=U1-25
Removed Pin From Net: NetName=PA7 Pin=U1-27
Removed Pin From Net: NetName=PA5 Pin=U1-28
Removed Pin From Net: NetName=PA3 Pin=U1-30
Removed Pin From Net: NetName=PA1 Pin=U1-31
Removed Pin From Net: NetName=D3 Pin=U1-33
Removed Pin From Net: NetName=D5 Pin=U1-34
Removed Pin From Net: NetName=D7 Pin=U1-35
Removed Pin From Net: NetName=GND Pin=U1-36
Removed Pin From Net: NetName=RST_N Pin=U1-39
Removed Pin From Net: NetName=GND Pin=U2-6
Removed Pin From Net: NetName=GND Pin=U2-19
Removed Pin From Net: NetName=GND Pin=U3-11
Removed Pin From Net: NetName=GND Pin=U3-12
Removed Pin From Net: NetName=GND Pin=U3-13
Removed Pin From Net: NetName=D7 Pin=U3-14
Removed Pin From Net: NetName=D6 Pin=U3-15
Removed Pin From Net: NetName=D5 Pin=U3-16
Removed Pin From Net: NetName=D4 Pin=U3-17
Removed Pin From Net: NetName=D3 Pin=U3-18
Removed Pin From Net: NetName=D2 Pin=U3-19
Removed Pin From Net: NetName=D1 Pin=U3-20
Removed Pin From Net: NetName=D0 Pin=U3-21
Change Component DesignItemId : Designator=J2 Old DesignItemId=CPLD_JTAG_PADS New DesignItemId=IDC_26PIN_MALE_SHROUDED
Change Component Comment : Designator=J2 Old Comment=CPLD_JTAG_PADS New Comment=IDC_26PIN_MALE_SHROUDED
Change Component Description : Designator=J2 Old Description=Pads for JTAG access New Description=
Change Component Library : Designator=J2 Old Library=snes_hook_parts.SchLib New Library=snes_exp_bridge_parts.SchLib
Added Pin To Net: NetName=PA0 Pin=J2-1
Added Pin To Net: NetName=PA1 Pin=J2-2
Added Pin To Net: NetName=PA2 Pin=J2-3
Added Pin To Net: NetName=PA3 Pin=J2-4
Added Pin To Net: NetName=PA4 Pin=J2-5
Added Pin To Net: NetName=PA5 Pin=J2-6
Added Pin To Net: NetName=5V Pin=J1-20
Added Net: Name=5V
Added Pin To Net: NetName=DOT_CLK Pin=J1-22
Added Net: Name=DOT_CLK
Added Pin To Net: NetName=EXPAND Pin=J1-24
Added Net: Name=EXPAND
Added Pin To Net: NetName=IRQ_N Pin=J1-26
Added Net: Name=IRQ_N
Added Pin To Net: NetName=MONO-OUT Pin=J1-25
Added Net: Name=MONO-OUT
Added Pin To Net: NetName=SL_IN Pin=J1-27
Added Net: Name=SL_IN
Added Pin To Net: NetName=SMP_CLK Pin=J1-21
Added Net: Name=SMP_CLK
Added Pin To Net: NetName=SR_IN Pin=J1-28
Added Net: Name=SR_IN
Added Class: Name=snes_exp_bridge
Change Room Name: Old Name=snes_hook New Name=snes_exp_bridge
Change Room Scope: Old Scope=InComponentClass('snes_hook') New Scope=InComponentClass('snes_exp_bridge')
